Problem statement:
 - page enqueued to free list is holding pagefile space
   (has a PTE index that matches the PTE in the pagefiledebug struct)

Page in question
 - 0x00007ff4`53641690, NONE
 - 

Opened log file 'dbgeng.log'
0:007> dq pTEhistoryLog l 10*c
00007ff6`bd320800  00000000`00000000 00000000`00000000
00007ff6`bd320810  00000000`00000000 00000000`00000000
00007ff6`bd320820  00000000`00000000 00000000`00000000
00007ff6`bd320830  00000000`00000000 00000000`00000000
00007ff6`bd320840  00000000`00000000 00000000`00000000
00007ff6`bd320850  00000000`00000000 00000000`00000000
00007ff6`bd320860  00007ff4`4d9a0000 00000000`00000000          // commitVA (zero ->dz)
00007ff6`bd320870  00000000`0fffff10 00000000`00000000          // no PFN associated
00007ff6`bd320880  00000000`00000000 00000000`00000000
00007ff6`bd320890  00000000`00000000 00000000`00000000
00007ff6`bd3208a0  00000000`00000000 00000000`00000000
00007ff6`bd3208b0  00007ff6`bd29fba5 00000000`00000000
00007ff6`bd3208c0  00007ff4`4d9a0000 00000000`0fffff10          // dz pagefault (dz -> active)
00007ff6`bd3208d0  00000000`1edb260b 00000000`00000000          // new PFN 
00007ff6`bd3208e0  00000000`00000000 00000000`00000000
00007ff6`bd3208f0  00000000`01ffffe8 00000000`00000001
00007ff6`bd320900  00000000`00000000 00000000`00000000
00007ff6`bd320910  00007ff6`bd29d073 00000000`00000000
00007ff6`bd320920  00007ff4`4d9a0000 00000000`1edb260b          // trim PTE (active->standby)
00007ff6`bd320930  00000000`1edb260a 00000000`00000000
00007ff6`bd320940  00007ff6`bd4a08d8 00007ff6`bd4a08d8
00007ff6`bd320950  00000000`01ffffe3 00000000`00000001
00007ff6`bd320960  00000000`00000000 00000000`00000000
00007ff6`bd320970  00007ff6`bd2a018c 00000000`00000000
00007ff6`bd320980  00007ff4`4d9a0000 00000000`1edb260a          // trans pF (trans->active)
00007ff6`bd320990  00000000`1edb260b 00000000`00000000
00007ff6`bd3209a0  00000000`00000000 00000000`00000000
00007ff6`bd3209b0  00800020`01ffffe8 00000000`00000001
00007ff6`bd3209c0  00000000`00000000 00000000`00000000
00007ff6`bd3209d0  00007ff6`bd29c67f 00000000`00000000
00007ff6`bd3209e0  00007ff4`4d9a0008 00000000`00000000
00007ff6`bd3209f0  00000000`0fffff10 00000000`00000000
00007ff6`bd320a00  00000000`00000000 00000000`00000000
00007ff6`bd320a10  00000000`00000000 00000000`00000000
00007ff6`bd320a20  00000000`00000000 00000000`00000000
00007ff6`bd320a30  00007ff6`bd29fba5 00000000`00000000
00007ff6`bd320a40  00007ff4`4d9a0008 00000000`0fffff10
00007ff6`bd320a50  00000000`1ed66b0b 00000000`00000000
00007ff6`bd320a60  00000000`00000000 00000000`00000000
00007ff6`bd320a70  00000000`03ffffe8 00000000`00000001
00007ff6`bd320a80  00000000`00000000 00000000`00000000
00007ff6`bd320a90  00007ff6`bd29d073 00000000`00000000
00007ff6`bd320aa0  00000000`00000000 00000000`00000000
00007ff6`bd320ab0  00000000`00000000 00000000`00000000
00007ff6`bd320ac0  00000000`00000000 00000000`00000000
00007ff6`bd320ad0  00000000`00000000 00000000`00000000
00007ff6`bd320ae0  00000000`00000000 00000000`00000000
00007ff6`bd320af0  00000000`00000000 00000000`00000000
00007ff6`bd320b00  00000000`00000000 00000000`00000000
00007ff6`bd320b10  00000000`00000000 00000000`00000000
00007ff6`bd320b20  00000000`00000000 00000000`00000000
00007ff6`bd320b30  00000000`00000000 00000000`00000000
00007ff6`bd320b40  00000000`00000000 00000000`00000000
00007ff6`bd320b50  00000000`00000000 00000000`00000000
00007ff6`bd320b60  00000000`00000000 00000000`00000000
00007ff6`bd320b70  00000000`00000000 00000000`00000000
00007ff6`bd320b80  00000000`00000000 00000000`00000000
00007ff6`bd320b90  00000000`00000000 00000000`00000000
00007ff6`bd320ba0  00000000`00000000 00000000`00000000
00007ff6`bd320bb0  00000000`00000000 00000000`00000000
00007ff6`bd320bc0  00000000`00000000 00000000`00000000
00007ff6`bd320bd0  00000000`00000000 00000000`00000000
00007ff6`bd320be0  00000000`00000000 00000000`00000000
00007ff6`bd320bf0  00000000`00000000 00000000`00000000
00007ff6`bd320c00  00000000`00000000 00000000`00000000
00007ff6`bd320c10  00000000`00000000 00000000`00000000
00007ff6`bd320c20  00000000`00000000 00000000`00000000
00007ff6`bd320c30  00000000`00000000 00000000`00000000
00007ff6`bd320c40  00000000`00000000 00000000`00000000
00007ff6`bd320c50  00000000`00000000 00000000`00000000
00007ff6`bd320c60  00000000`00000000 00000000`00000000
00007ff6`bd320c70  00000000`00000000 00000000`00000000
00007ff6`bd320c80  00000000`00000000 00000000`00000000
00007ff6`bd320c90  00000000`00000000 00000000`00000000
00007ff6`bd320ca0  00000000`00000000 00000000`00000000
00007ff6`bd320cb0  00000000`00000000 00000000`00000000
00007ff6`bd320cc0  00000000`00000000 00000000`00000000
00007ff6`bd320cd0  00000000`00000000 00000000`00000000
00007ff6`bd320ce0  00000000`00000000 00000000`00000000
00007ff6`bd320cf0  00000000`00000000 00000000`00000000
00007ff6`bd320d00  00000000`00000000 00000000`00000000
00007ff6`bd320d10  00000000`00000000 00000000`00000000
00007ff6`bd320d20  00000000`00000000 00000000`00000000
00007ff6`bd320d30  00000000`00000000 00000000`00000000
00007ff6`bd320d40  00000000`00000000 00000000`00000000
00007ff6`bd320d50  00000000`00000000 00000000`00000000
00007ff6`bd320d60  00000000`00000000 00000000`00000000
00007ff6`bd320d70  00000000`00000000 00000000`00000000
00007ff6`bd320d80  00000000`00000000 00000000`00000000
00007ff6`bd320d90  00000000`00000000 00000000`00000000
00007ff6`bd320da0  00000000`00000000 00000000`00000000
00007ff6`bd320db0  00000000`00000000 00000000`00000000
00007ff6`bd320dc0  00000000`00000000 00000000`00000000
00007ff6`bd320dd0  00000000`00000000 00000000`00000000
00007ff6`bd320de0  00000000`00000000 00000000`00000000
00007ff6`bd320df0  00000000`00000000 00000000`00000000
0:007> .logclose
Closing open log file dbgeng.log
